Performing C SOURCE FILE Test CMAKE_HAVE_LIBC_PTHREAD failed with the following output:
Change Dir: /mnt/c/Users/osama/Desktop/Folders/University/TUK/Courses/VDS/Project/VDSProject/build/CMakeFiles/CMakeTmp

Run Build Command(s):/usr/bin/make -f Makefile cmTC_17169/fast && /usr/bin/make  -f CMakeFiles/cmTC_17169.dir/build.make CMakeFiles/cmTC_17169.dir/build
make[1]: Entering directory '/mnt/c/Users/osama/Desktop/Folders/University/TUK/Courses/VDS/Project/VDSProject/build/CMakeFiles/CMakeTmp'
Building C object CMakeFiles/cmTC_17169.dir/src.c.o
/usr/bin/cc -DCMAKE_HAVE_LIBC_PTHREAD   -o CMakeFiles/cmTC_17169.dir/src.c.o -c /mnt/c/Users/osama/Desktop/Folders/University/TUK/Courses/VDS/Project/VDSProject/build/CMakeFiles/CMakeTmp/src.c
Linking C executable cmTC_17169
/home/osama/.local/lib/python3.8/site-packages/cmake/data/bin/cmake -E cmake_link_script CMakeFiles/cmTC_17169.dir/link.txt --verbose=1
/usr/bin/cc CMakeFiles/cmTC_17169.dir/src.c.o -o cmTC_17169 
/usr/bin/ld: CMakeFiles/cmTC_17169.dir/src.c.o: in function `main':
src.c:(.text+0x46): undefined reference to `pthread_create'
/usr/bin/ld: src.c:(.text+0x52): undefined reference to `pthread_detach'
/usr/bin/ld: src.c:(.text+0x5e): undefined reference to `pthread_cancel'
/usr/bin/ld: src.c:(.text+0x6f): undefined reference to `pthread_join'
collect2: error: ld returned 1 exit status
make[1]: *** [CMakeFiles/cmTC_17169.dir/build.make:99: cmTC_17169] Error 1
make[1]: Leaving directory '/mnt/c/Users/osama/Desktop/Folders/University/TUK/Courses/VDS/Project/VDSProject/build/CMakeFiles/CMakeTmp'
make: *** [Makefile:127: cmTC_17169/fast] Error 2


Source file was:
#include <pthread.h>

static void* test_func(void* data)
{
  return data;
}

int main(void)
{
  pthread_t thread;
  pthread_create(&thread, NULL, test_func, NULL);
  pthread_detach(thread);
  pthread_cancel(thread);
  pthread_join(thread, NULL);
  pthread_atfork(NULL, NULL, NULL);
  pthread_exit(NULL);

  return 0;
}

Determining if the function pthread_create exists in the pthreads failed with the following output:
Change Dir: /mnt/c/Users/osama/Desktop/Folders/University/TUK/Courses/VDS/Project/VDSProject/build/CMakeFiles/CMakeTmp

Run Build Command(s):/usr/bin/make -f Makefile cmTC_93a3e/fast && /usr/bin/make  -f CMakeFiles/cmTC_93a3e.dir/build.make CMakeFiles/cmTC_93a3e.dir/build
make[1]: Entering directory '/mnt/c/Users/osama/Desktop/Folders/University/TUK/Courses/VDS/Project/VDSProject/build/CMakeFiles/CMakeTmp'
Building C object CMakeFiles/cmTC_93a3e.dir/CheckFunctionExists.c.o
/usr/bin/cc   -DCHECK_FUNCTION_EXISTS=pthread_create -o CMakeFiles/cmTC_93a3e.dir/CheckFunctionExists.c.o -c /home/osama/.local/lib/python3.8/site-packages/cmake/data/share/cmake-3.22/Modules/CheckFunctionExists.c
Linking C executable cmTC_93a3e
/home/osama/.local/lib/python3.8/site-packages/cmake/data/bin/cmake -E cmake_link_script CMakeFiles/cmTC_93a3e.dir/link.txt --verbose=1
/usr/bin/cc  -DCHECK_FUNCTION_EXISTS=pthread_create CMakeFiles/cmTC_93a3e.dir/CheckFunctionExists.c.o -o cmTC_93a3e  -lpthreads 
/usr/bin/ld: cannot find -lpthreads
collect2: error: ld returned 1 exit status
make[1]: *** [CMakeFiles/cmTC_93a3e.dir/build.make:99: cmTC_93a3e] Error 1
make[1]: Leaving directory '/mnt/c/Users/osama/Desktop/Folders/University/TUK/Courses/VDS/Project/VDSProject/build/CMakeFiles/CMakeTmp'
make: *** [Makefile:127: cmTC_93a3e/fast] Error 2



